<?xml version="1.0" encoding="UTF-8"?>
<testsuite xmlns:xsi="http://www.w3.org/2001/XMLSchema-instance" xsi:noNamespaceSchemaLocation="https://maven.apache.org/surefire/maven-surefire-plugin/xsd/surefire-test-report.xsd" name="com.jmk.user.api.UserApiTest" time="0.007" tests="1" errors="0" skipped="1" failures="0">
  <properties>
[...]
</properties>
  <testcase name="com.jmk.user.api.UserApiTest" classname="com.jmk.user.api.UserApiTest" time="0">
    <skipped/>
    <system-out><![CDATA[22:11:35.378 [main] DEBUG org.springframework.test.context.junit4.SpringJUnit4ClassRunner - SpringJUnit4ClassRunner constructor called with [class com.jmk.user.api.UserApiTest]
22:11:35.386 [main] DEBUG org.springframework.test.context.BootstrapUtils - Instantiating CacheAwareContextLoaderDelegate from class [org.springframework.test.context.cache.DefaultCacheAwareContextLoaderDelegate]
22:11:35.448 [main] DEBUG org.springframework.test.context.BootstrapUtils - Instantiating BootstrapContext using constructor [public org.springframework.test.context.support.DefaultBootstrapContext(java.lang.Class,org.springframework.test.context.CacheAwareContextLoaderDelegate)]
22:11:35.646 [main] DEBUG org.springframework.test.context.BootstrapUtils - Instantiating TestContextBootstrapper for test class [com.jmk.user.api.UserApiTest] from class [org.springframework.boot.test.context.SpringBootTestContextBootstrapper]
22:11:35.696 [main] INFO org.springframework.boot.test.context.SpringBootTestContextBootstrapper - Neither @ContextConfiguration nor @ContextHierarchy found for test class [com.jmk.user.api.UserApiTest], using SpringBootContextLoader
22:11:35.726 [main] DEBUG org.springframework.test.context.support.AbstractContextLoader - Did not detect default resource location for test class [com.jmk.user.api.UserApiTest]: class path resource [com/jmk/user/api/UserApiTest-context.xml] does not exist
22:11:35.729 [main] DEBUG org.springframework.test.context.support.AbstractContextLoader - Did not detect default resource location for test class [com.jmk.user.api.UserApiTest]: class path resource [com/jmk/user/api/UserApiTestContext.groovy] does not exist
22:11:35.730 [main] INFO org.springframework.test.context.support.AbstractContextLoader - Could not detect default resource locations for test class [com.jmk.user.api.UserApiTest]: no resource found for suffixes {-context.xml, Context.groovy}.
22:11:35.732 [main] INFO org.springframework.test.context.support.AnnotationConfigContextLoaderUtils - Could not detect default configuration classes for test class [com.jmk.user.api.UserApiTest]: UserApiTest does not declare any static, non-private, non-final, nested classes annotated with @Configuration.
22:11:36.178 [main] DEBUG org.springframework.test.context.support.ActiveProfilesUtils - Could not find an 'annotation declaring class' for annotation type [org.springframework.test.context.ActiveProfiles] and class [com.jmk.user.api.UserApiTest]
22:11:36.427 [main] DEBUG org.springframework.context.annotation.ClassPathScanningCandidateComponentProvider - Identified candidate component class: file [C:\Users\rkbansal\git\BJJD\user-mgmt-service\target\classes\com\jmk\user\UserMgmtRestApplication.class]
22:11:36.429 [main] INFO org.springframework.boot.test.context.SpringBootTestContextBootstrapper - Found @SpringBootConfiguration com.jmk.user.UserMgmtRestApplication for test class com.jmk.user.api.UserApiTest
22:11:36.752 [main] DEBUG org.springframework.boot.test.context.SpringBootTestContextBootstrapper - @TestExecutionListeners is not present for class [com.jmk.user.api.UserApiTest]: using defaults.
22:11:36.754 [main] INFO org.springframework.boot.test.context.SpringBootTestContextBootstrapper - Loaded default TestExecutionListener class names from location [META-INF/spring.factories]: [org.springframework.boot.test.mock.mockito.MockitoTestExecutionListener, org.springframework.boot.test.mock.mockito.ResetMocksTestExecutionListener, org.springframework.boot.test.autoconfigure.restdocs.RestDocsTestExecutionListener, org.springframework.boot.test.autoconfigure.web.client.MockRestServiceServerResetTestExecutionListener, org.springframework.boot.test.autoconfigure.web.servlet.MockMvcPrintOnlyOnFailureTestExecutionListener, org.springframework.boot.test.autoconfigure.web.servlet.WebDriverTestExecutionListener, org.springframework.test.context.web.ServletTestExecutionListener, org.springframework.test.context.support.DirtiesContextBeforeModesTestExecutionListener, org.springframework.test.context.support.DependencyInjectionTestExecutionListener, org.springframework.test.context.support.DirtiesContextTestExecutionListener, org.springframework.test.context.transaction.TransactionalTestExecutionListener, org.springframework.test.context.jdbc.SqlScriptsTestExecutionListener, org.springframework.test.context.event.EventPublishingTestExecutionListener]
22:11:36.804 [main] INFO org.springframework.boot.test.context.SpringBootTestContextBootstrapper - Using TestExecutionListeners: [org.springframework.test.context.web.ServletTestExecutionListener@52045dbe, org.springframework.test.context.support.DirtiesContextBeforeModesTestExecutionListener@674658f7, org.springframework.boot.test.mock.mockito.MockitoTestExecutionListener@5c8eee0f, org.springframework.boot.test.autoconfigure.SpringBootDependencyInjectionTestExecutionListener@565b064f, org.springframework.test.context.support.DirtiesContextTestExecutionListener@26425897, org.springframework.test.context.transaction.TransactionalTestExecutionListener@73163d48, org.springframework.test.context.jdbc.SqlScriptsTestExecutionListener@58c34bb3, org.springframework.test.context.event.EventPublishingTestExecutionListener@56a4479a, org.springframework.boot.test.mock.mockito.ResetMocksTestExecutionListener@62163b39, org.springframework.boot.test.autoconfigure.restdocs.RestDocsTestExecutionListener@20a8a64e, org.springframework.boot.test.autoconfigure.web.client.MockRestServiceServerResetTestExecutionListener@62f4ff3b, org.springframework.boot.test.autoconfigure.web.servlet.MockMvcPrintOnlyOnFailureTestExecutionListener@1698fc68, org.springframework.boot.test.autoconfigure.web.servlet.WebDriverTestExecutionListener@4504d271]
22:11:36.835 [main] DEBUG org.springframework.test.annotation.ProfileValueUtils - Retrieved @ProfileValueSourceConfiguration [null] for test class [com.jmk.user.api.UserApiTest]
22:11:36.843 [main] DEBUG org.springframework.test.annotation.ProfileValueUtils - Retrieved ProfileValueSource type [class org.springframework.test.annotation.SystemProfileValueSource] for class [com.jmk.user.api.UserApiTest]
22:11:36.890 [main] DEBUG org.springframework.test.context.junit4.SpringJUnit4ClassRunner - SpringJUnit4ClassRunner constructor called with [class com.jmk.user.repository.UserRepositoryTest]
22:11:36.891 [main] DEBUG org.springframework.test.context.BootstrapUtils - Instantiating CacheAwareContextLoaderDelegate from class [org.springframework.test.context.cache.DefaultCacheAwareContextLoaderDelegate]
22:11:36.891 [main] DEBUG org.springframework.test.context.BootstrapUtils - Instantiating BootstrapContext using constructor [public org.springframework.test.context.support.DefaultBootstrapContext(java.lang.Class,org.springframework.test.context.CacheAwareContextLoaderDelegate)]
22:11:36.892 [main] DEBUG org.springframework.test.context.BootstrapUtils - Instantiating TestContextBootstrapper for test class [com.jmk.user.repository.UserRepositoryTest] from class [org.springframework.boot.test.context.SpringBootTestContextBootstrapper]
22:11:36.895 [main] INFO org.springframework.boot.test.context.SpringBootTestContextBootstrapper - Neither @ContextConfiguration nor @ContextHierarchy found for test class [com.jmk.user.repository.UserRepositoryTest], using SpringBootContextLoader
22:11:36.896 [main] DEBUG org.springframework.test.context.support.AbstractContextLoader - Did not detect default resource location for test class [com.jmk.user.repository.UserRepositoryTest]: class path resource [com/jmk/user/repository/UserRepositoryTest-context.xml] does not exist
22:11:36.898 [main] DEBUG org.springframework.test.context.support.AbstractContextLoader - Did not detect default resource location for test class [com.jmk.user.repository.UserRepositoryTest]: class path resource [com/jmk/user/repository/UserRepositoryTestContext.groovy] does not exist
22:11:36.898 [main] INFO org.springframework.test.context.support.AbstractContextLoader - Could not detect default resource locations for test class [com.jmk.user.repository.UserRepositoryTest]: no resource found for suffixes {-context.xml, Context.groovy}.
22:11:36.898 [main] INFO org.springframework.test.context.support.AnnotationConfigContextLoaderUtils - Could not detect default configuration classes for test class [com.jmk.user.repository.UserRepositoryTest]: UserRepositoryTest does not declare any static, non-private, non-final, nested classes annotated with @Configuration.
22:11:36.908 [main] DEBUG org.springframework.test.context.support.ActiveProfilesUtils - Could not find an 'annotation declaring class' for annotation type [org.springframework.test.context.ActiveProfiles] and class [com.jmk.user.repository.UserRepositoryTest]
22:11:36.922 [main] DEBUG org.springframework.context.annotation.ClassPathScanningCandidateComponentProvider - Identified candidate component class: file [C:\Users\rkbansal\git\BJJD\user-mgmt-service\target\classes\com\jmk\user\UserMgmtRestApplication.class]
22:11:36.922 [main] INFO org.springframework.boot.test.context.SpringBootTestContextBootstrapper - Found @SpringBootConfiguration com.jmk.user.UserMgmtRestApplication for test class com.jmk.user.repository.UserRepositoryTest
22:11:36.926 [main] DEBUG org.springframework.boot.test.context.SpringBootTestContextBootstrapper - @TestExecutionListeners is not present for class [com.jmk.user.repository.UserRepositoryTest]: using defaults.
22:11:36.927 [main] INFO org.springframework.boot.test.context.SpringBootTestContextBootstrapper - Loaded default TestExecutionListener class names from location [META-INF/spring.factories]: [org.springframework.boot.test.mock.mockito.MockitoTestExecutionListener, org.springframework.boot.test.mock.mockito.ResetMocksTestExecutionListener, org.springframework.boot.test.autoconfigure.restdocs.RestDocsTestExecutionListener, org.springframework.boot.test.autoconfigure.web.client.MockRestServiceServerResetTestExecutionListener, org.springframework.boot.test.autoconfigure.web.servlet.MockMvcPrintOnlyOnFailureTestExecutionListener, org.springframework.boot.test.autoconfigure.web.servlet.WebDriverTestExecutionListener, org.springframework.test.context.web.ServletTestExecutionListener, org.springframework.test.context.support.DirtiesContextBeforeModesTestExecutionListener, org.springframework.test.context.support.DependencyInjectionTestExecutionListener, org.springframework.test.context.support.DirtiesContextTestExecutionListener, org.springframework.test.context.transaction.TransactionalTestExecutionListener, org.springframework.test.context.jdbc.SqlScriptsTestExecutionListener, org.springframework.test.context.event.EventPublishingTestExecutionListener]
22:11:36.928 [main] INFO org.springframework.boot.test.context.SpringBootTestContextBootstrapper - Using TestExecutionListeners: [org.springframework.test.context.web.ServletTestExecutionListener@4a3329b9, org.springframework.test.context.support.DirtiesContextBeforeModesTestExecutionListener@3dddefd8, org.springframework.boot.test.mock.mockito.MockitoTestExecutionListener@160ac7fb, org.springframework.boot.test.autoconfigure.SpringBootDependencyInjectionTestExecutionListener@12bfd80d, org.springframework.test.context.support.DirtiesContextTestExecutionListener@41925502, org.springframework.test.context.transaction.TransactionalTestExecutionListener@13e3c1c7, org.springframework.test.context.jdbc.SqlScriptsTestExecutionListener@5316e95f, org.springframework.test.context.event.EventPublishingTestExecutionListener@3f053c80, org.springframework.boot.test.mock.mockito.ResetMocksTestExecutionListener@6c6c5427, org.springframework.boot.test.autoconfigure.restdocs.RestDocsTestExecutionListener@618c5d94, org.springframework.boot.test.autoconfigure.web.client.MockRestServiceServerResetTestExecutionListener@5b40ceb, org.springframework.boot.test.autoconfigure.web.servlet.MockMvcPrintOnlyOnFailureTestExecutionListener@13c3c1e1, org.springframework.boot.test.autoconfigure.web.servlet.WebDriverTestExecutionListener@1d8062d2]
22:11:36.929 [main] DEBUG org.springframework.test.annotation.ProfileValueUtils - Retrieved @ProfileValueSourceConfiguration [null] for test class [com.jmk.user.repository.UserRepositoryTest]
22:11:36.929 [main] DEBUG org.springframework.test.annotation.ProfileValueUtils - Retrieved ProfileValueSource type [class org.springframework.test.annotation.SystemProfileValueSource] for class [com.jmk.user.repository.UserRepositoryTest]
22:11:36.937 [main] DEBUG org.springframework.test.context.junit4.SpringJUnit4ClassRunner - SpringJUnit4ClassRunner constructor called with [class com.jmk.user.service.UserMgmtServiceTest]
22:11:36.937 [main] DEBUG org.springframework.test.context.BootstrapUtils - Instantiating CacheAwareContextLoaderDelegate from class [org.springframework.test.context.cache.DefaultCacheAwareContextLoaderDelegate]
22:11:36.938 [main] DEBUG org.springframework.test.context.BootstrapUtils - Instantiating BootstrapContext using constructor [public org.springframework.test.context.support.DefaultBootstrapContext(java.lang.Class,org.springframework.test.context.CacheAwareContextLoaderDelegate)]
22:11:36.938 [main] DEBUG org.springframework.test.context.BootstrapUtils - Instantiating TestContextBootstrapper for test class [com.jmk.user.service.UserMgmtServiceTest] from class [org.springframework.boot.test.context.SpringBootTestContextBootstrapper]
22:11:36.939 [main] INFO org.springframework.boot.test.context.SpringBootTestContextBootstrapper - Neither @ContextConfiguration nor @ContextHierarchy found for test class [com.jmk.user.service.UserMgmtServiceTest], using SpringBootContextLoader
22:11:36.940 [main] DEBUG org.springframework.test.context.support.AbstractContextLoader - Did not detect default resource location for test class [com.jmk.user.service.UserMgmtServiceTest]: class path resource [com/jmk/user/service/UserMgmtServiceTest-context.xml] does not exist
22:11:36.941 [main] DEBUG org.springframework.test.context.support.AbstractContextLoader - Did not detect default resource location for test class [com.jmk.user.service.UserMgmtServiceTest]: class path resource [com/jmk/user/service/UserMgmtServiceTestContext.groovy] does not exist
22:11:36.941 [main] INFO org.springframework.test.context.support.AbstractContextLoader - Could not detect default resource locations for test class [com.jmk.user.service.UserMgmtServiceTest]: no resource found for suffixes {-context.xml, Context.groovy}.
22:11:36.942 [main] INFO org.springframework.test.context.support.AnnotationConfigContextLoaderUtils - Could not detect default configuration classes for test class [com.jmk.user.service.UserMgmtServiceTest]: UserMgmtServiceTest does not declare any static, non-private, non-final, nested classes annotated with @Configuration.
22:11:36.950 [main] DEBUG org.springframework.test.context.support.ActiveProfilesUtils - Could not find an 'annotation declaring class' for annotation type [org.springframework.test.context.ActiveProfiles] and class [com.jmk.user.service.UserMgmtServiceTest]
22:11:36.973 [main] DEBUG org.springframework.context.annotation.ClassPathScanningCandidateComponentProvider - Identified candidate component class: file [C:\Users\rkbansal\git\BJJD\user-mgmt-service\target\classes\com\jmk\user\UserMgmtRestApplication.class]
22:11:36.974 [main] INFO org.springframework.boot.test.context.SpringBootTestContextBootstrapper - Found @SpringBootConfiguration com.jmk.user.UserMgmtRestApplication for test class com.jmk.user.service.UserMgmtServiceTest
22:11:36.979 [main] DEBUG org.springframework.boot.test.context.SpringBootTestContextBootstrapper - @TestExecutionListeners is not present for class [com.jmk.user.service.UserMgmtServiceTest]: using defaults.
22:11:36.979 [main] INFO org.springframework.boot.test.context.SpringBootTestContextBootstrapper - Loaded default TestExecutionListener class names from location [META-INF/spring.factories]: [org.springframework.boot.test.mock.mockito.MockitoTestExecutionListener, org.springframework.boot.test.mock.mockito.ResetMocksTestExecutionListener, org.springframework.boot.test.autoconfigure.restdocs.RestDocsTestExecutionListener, org.springframework.boot.test.autoconfigure.web.client.MockRestServiceServerResetTestExecutionListener, org.springframework.boot.test.autoconfigure.web.servlet.MockMvcPrintOnlyOnFailureTestExecutionListener, org.springframework.boot.test.autoconfigure.web.servlet.WebDriverTestExecutionListener, org.springframework.test.context.web.ServletTestExecutionListener, org.springframework.test.context.support.DirtiesContextBeforeModesTestExecutionListener, org.springframework.test.context.support.DependencyInjectionTestExecutionListener, org.springframework.test.context.support.DirtiesContextTestExecutionListener, org.springframework.test.context.transaction.TransactionalTestExecutionListener, org.springframework.test.context.jdbc.SqlScriptsTestExecutionListener, org.springframework.test.context.event.EventPublishingTestExecutionListener]
22:11:36.980 [main] INFO org.springframework.boot.test.context.SpringBootTestContextBootstrapper - Using TestExecutionListeners: [org.springframework.test.context.web.ServletTestExecutionListener@2bef51f2, org.springframework.test.context.support.DirtiesContextBeforeModesTestExecutionListener@650eab8, org.springframework.boot.test.mock.mockito.MockitoTestExecutionListener@30f5a68a, org.springframework.boot.test.autoconfigure.SpringBootDependencyInjectionTestExecutionListener@1e1d3956, org.springframework.test.context.support.DirtiesContextTestExecutionListener@4f2c9ba6, org.springframework.test.context.transaction.TransactionalTestExecutionListener@4e28bdd1, org.springframework.test.context.jdbc.SqlScriptsTestExecutionListener@53f48368, org.springframework.test.context.event.EventPublishingTestExecutionListener@24d4d7c9, org.springframework.boot.test.mock.mockito.ResetMocksTestExecutionListener@f0e995e, org.springframework.boot.test.autoconfigure.restdocs.RestDocsTestExecutionListener@4c37b5b, org.springframework.boot.test.autoconfigure.web.client.MockRestServiceServerResetTestExecutionListener@73db4768, org.springframework.boot.test.autoconfigure.web.servlet.MockMvcPrintOnlyOnFailureTestExecutionListener@71b3bc45, org.springframework.boot.test.autoconfigure.web.servlet.WebDriverTestExecutionListener@a8c1f44]
22:11:36.991 [main] DEBUG org.springframework.test.annotation.ProfileValueUtils - Retrieved @ProfileValueSourceConfiguration [null] for test class [com.jmk.user.service.UserMgmtServiceTest]
22:11:36.991 [main] DEBUG org.springframework.test.annotation.ProfileValueUtils - Retrieved ProfileValueSource type [class org.springframework.test.annotation.SystemProfileValueSource] for class [com.jmk.user.service.UserMgmtServiceTest]
22:11:37.000 [main] DEBUG org.springframework.test.context.junit4.SpringJUnit4ClassRunner - SpringJUnit4ClassRunner constructor called with [class com.jmk.user.api.UserApiTest]
22:11:37.000 [main] DEBUG org.springframework.test.context.BootstrapUtils - Instantiating CacheAwareContextLoaderDelegate from class [org.springframework.test.context.cache.DefaultCacheAwareContextLoaderDelegate]
22:11:37.001 [main] DEBUG org.springframework.test.context.BootstrapUtils - Instantiating BootstrapContext using constructor [public org.springframework.test.context.support.DefaultBootstrapContext(java.lang.Class,org.springframework.test.context.CacheAwareContextLoaderDelegate)]
22:11:37.001 [main] DEBUG org.springframework.test.context.BootstrapUtils - Instantiating TestContextBootstrapper for test class [com.jmk.user.api.UserApiTest] from class [org.springframework.boot.test.context.SpringBootTestContextBootstrapper]
22:11:37.003 [main] INFO org.springframework.boot.test.context.SpringBootTestContextBootstrapper - Neither @ContextConfiguration nor @ContextHierarchy found for test class [com.jmk.user.api.UserApiTest], using SpringBootContextLoader
22:11:37.004 [main] DEBUG org.springframework.test.context.support.AbstractContextLoader - Did not detect default resource location for test class [com.jmk.user.api.UserApiTest]: class path resource [com/jmk/user/api/UserApiTest-context.xml] does not exist
22:11:37.005 [main] DEBUG org.springframework.test.context.support.AbstractContextLoader - Did not detect default resource location for test class [com.jmk.user.api.UserApiTest]: class path resource [com/jmk/user/api/UserApiTestContext.groovy] does not exist
22:11:37.005 [main] INFO org.springframework.test.context.support.AbstractContextLoader - Could not detect default resource locations for test class [com.jmk.user.api.UserApiTest]: no resource found for suffixes {-context.xml, Context.groovy}.
22:11:37.006 [main] INFO org.springframework.test.context.support.AnnotationConfigContextLoaderUtils - Could not detect default configuration classes for test class [com.jmk.user.api.UserApiTest]: UserApiTest does not declare any static, non-private, non-final, nested classes annotated with @Configuration.
22:11:37.010 [main] DEBUG org.springframework.test.context.support.ActiveProfilesUtils - Could not find an 'annotation declaring class' for annotation type [org.springframework.test.context.ActiveProfiles] and class [com.jmk.user.api.UserApiTest]
22:11:37.011 [main] INFO org.springframework.boot.test.context.SpringBootTestContextBootstrapper - Found @SpringBootConfiguration com.jmk.user.UserMgmtRestApplication for test class com.jmk.user.api.UserApiTest
22:11:37.014 [main] DEBUG org.springframework.boot.test.context.SpringBootTestContextBootstrapper - @TestExecutionListeners is not present for class [com.jmk.user.api.UserApiTest]: using defaults.
22:11:37.014 [main] INFO org.springframework.boot.test.context.SpringBootTestContextBootstrapper - Loaded default TestExecutionListener class names from location [META-INF/spring.factories]: [org.springframework.boot.test.mock.mockito.MockitoTestExecutionListener, org.springframework.boot.test.mock.mockito.ResetMocksTestExecutionListener, org.springframework.boot.test.autoconfigure.restdocs.RestDocsTestExecutionListener, org.springframework.boot.test.autoconfigure.web.client.MockRestServiceServerResetTestExecutionListener, org.springframework.boot.test.autoconfigure.web.servlet.MockMvcPrintOnlyOnFailureTestExecutionListener, org.springframework.boot.test.autoconfigure.web.servlet.WebDriverTestExecutionListener, org.springframework.test.context.web.ServletTestExecutionListener, org.springframework.test.context.support.DirtiesContextBeforeModesTestExecutionListener, org.springframework.test.context.support.DependencyInjectionTestExecutionListener, org.springframework.test.context.support.DirtiesContextTestExecutionListener, org.springframework.test.context.transaction.TransactionalTestExecutionListener, org.springframework.test.context.jdbc.SqlScriptsTestExecutionListener, org.springframework.test.context.event.EventPublishingTestExecutionListener]
22:11:37.015 [main] INFO org.springframework.boot.test.context.SpringBootTestContextBootstrapper - Using TestExecutionListeners: [org.springframework.test.context.web.ServletTestExecutionListener@1bb1fde8, org.springframework.test.context.support.DirtiesContextBeforeModesTestExecutionListener@15eebbff, org.springframework.boot.test.mock.mockito.MockitoTestExecutionListener@22d6f11, org.springframework.boot.test.autoconfigure.SpringBootDependencyInjectionTestExecutionListener@30990c1b, org.springframework.test.context.support.DirtiesContextTestExecutionListener@2453f95d, org.springframework.test.context.transaction.TransactionalTestExecutionListener@44828f6b, org.springframework.test.context.jdbc.SqlScriptsTestExecutionListener@2dbe250d, org.springframework.test.context.event.EventPublishingTestExecutionListener@553f1d75, org.springframework.boot.test.mock.mockito.ResetMocksTestExecutionListener@6e1d8f9e, org.springframework.boot.test.autoconfigure.restdocs.RestDocsTestExecutionListener@3e34ace1, org.springframework.boot.test.autoconfigure.web.client.MockRestServiceServerResetTestExecutionListener@62fe6067, org.springframework.boot.test.autoconfigure.web.servlet.MockMvcPrintOnlyOnFailureTestExecutionListener@4f071df8, org.springframework.boot.test.autoconfigure.web.servlet.WebDriverTestExecutionListener@4de41af9]
22:11:37.015 [main] DEBUG org.springframework.test.annotation.ProfileValueUtils - Retrieved @ProfileValueSourceConfiguration [null] for test class [com.jmk.user.api.UserApiTest]
22:11:37.016 [main] DEBUG org.springframework.test.annotation.ProfileValueUtils - Retrieved ProfileValueSource type [class org.springframework.test.annotation.SystemProfileValueSource] for class [com.jmk.user.api.UserApiTest]
22:11:37.017 [main] DEBUG org.springframework.test.context.junit4.SpringJUnit4ClassRunner - SpringJUnit4ClassRunner constructor called with [class com.jmk.user.repository.UserRepositoryTest]
22:11:37.017 [main] DEBUG org.springframework.test.context.BootstrapUtils - Instantiating CacheAwareContextLoaderDelegate from class [org.springframework.test.context.cache.DefaultCacheAwareContextLoaderDelegate]
22:11:37.017 [main] DEBUG org.springframework.test.context.BootstrapUtils - Instantiating BootstrapContext using constructor [public org.springframework.test.context.support.DefaultBootstrapContext(java.lang.Class,org.springframework.test.context.CacheAwareContextLoaderDelegate)]
22:11:37.017 [main] DEBUG org.springframework.test.context.BootstrapUtils - Instantiating TestContextBootstrapper for test class [com.jmk.user.repository.UserRepositoryTest] from class [org.springframework.boot.test.context.SpringBootTestContextBootstrapper]
22:11:37.018 [main] INFO org.springframework.boot.test.context.SpringBootTestContextBootstrapper - Neither @ContextConfiguration nor @ContextHierarchy found for test class [com.jmk.user.repository.UserRepositoryTest], using SpringBootContextLoader
22:11:37.019 [main] DEBUG org.springframework.test.context.support.AbstractContextLoader - Did not detect default resource location for test class [com.jmk.user.repository.UserRepositoryTest]: class path resource [com/jmk/user/repository/UserRepositoryTest-context.xml] does not exist
22:11:37.020 [main] DEBUG org.springframework.test.context.support.AbstractContextLoader - Did not detect default resource location for test class [com.jmk.user.repository.UserRepositoryTest]: class path resource [com/jmk/user/repository/UserRepositoryTestContext.groovy] does not exist
22:11:37.020 [main] INFO org.springframework.test.context.support.AbstractContextLoader - Could not detect default resource locations for test class [com.jmk.user.repository.UserRepositoryTest]: no resource found for suffixes {-context.xml, Context.groovy}.
22:11:37.020 [main] INFO org.springframework.test.context.support.AnnotationConfigContextLoaderUtils - Could not detect default configuration classes for test class [com.jmk.user.repository.UserRepositoryTest]: UserRepositoryTest does not declare any static, non-private, non-final, nested classes annotated with @Configuration.
22:11:37.023 [main] DEBUG org.springframework.test.context.support.ActiveProfilesUtils - Could not find an 'annotation declaring class' for annotation type [org.springframework.test.context.ActiveProfiles] and class [com.jmk.user.repository.UserRepositoryTest]
22:11:37.024 [main] INFO org.springframework.boot.test.context.SpringBootTestContextBootstrapper - Found @SpringBootConfiguration com.jmk.user.UserMgmtRestApplication for test class com.jmk.user.repository.UserRepositoryTest
22:11:37.027 [main] DEBUG org.springframework.boot.test.context.SpringBootTestContextBootstrapper - @TestExecutionListeners is not present for class [com.jmk.user.repository.UserRepositoryTest]: using defaults.
22:11:37.027 [main] INFO org.springframework.boot.test.context.SpringBootTestContextBootstrapper - Loaded default TestExecutionListener class names from location [META-INF/spring.factories]: [org.springframework.boot.test.mock.mockito.MockitoTestExecutionListener, org.springframework.boot.test.mock.mockito.ResetMocksTestExecutionListener, org.springframework.boot.test.autoconfigure.restdocs.RestDocsTestExecutionListener, org.springframework.boot.test.autoconfigure.web.client.MockRestServiceServerResetTestExecutionListener, org.springframework.boot.test.autoconfigure.web.servlet.MockMvcPrintOnlyOnFailureTestExecutionListener, org.springframework.boot.test.autoconfigure.web.servlet.WebDriverTestExecutionListener, org.springframework.test.context.web.ServletTestExecutionListener, org.springframework.test.context.support.DirtiesContextBeforeModesTestExecutionListener, org.springframework.test.context.support.DependencyInjectionTestExecutionListener, org.springframework.test.context.support.DirtiesContextTestExecutionListener, org.springframework.test.context.transaction.TransactionalTestExecutionListener, org.springframework.test.context.jdbc.SqlScriptsTestExecutionListener, org.springframework.test.context.event.EventPublishingTestExecutionListener]
22:11:37.028 [main] INFO org.springframework.boot.test.context.SpringBootTestContextBootstrapper - Using TestExecutionListeners: [org.springframework.test.context.web.ServletTestExecutionListener@47404bea, org.springframework.test.context.support.DirtiesContextBeforeModesTestExecutionListener@305f7627, org.springframework.boot.test.mock.mockito.MockitoTestExecutionListener@5d018107, org.springframework.boot.test.autoconfigure.SpringBootDependencyInjectionTestExecutionListener@6cbcf243, org.springframework.test.context.support.DirtiesContextTestExecutionListener@29e6eb25, org.springframework.test.context.transaction.TransactionalTestExecutionListener@62435e70, org.springframework.test.context.jdbc.SqlScriptsTestExecutionListener@339bf286, org.springframework.test.context.event.EventPublishingTestExecutionListener@38be305c, org.springframework.boot.test.mock.mockito.ResetMocksTestExecutionListener@269f4bad, org.springframework.boot.test.autoconfigure.restdocs.RestDocsTestExecutionListener@5ed731d0, org.springframework.boot.test.autoconfigure.web.client.MockRestServiceServerResetTestExecutionListener@3234f74e, org.springframework.boot.test.autoconfigure.web.servlet.MockMvcPrintOnlyOnFailureTestExecutionListener@7bc10d84, org.springframework.boot.test.autoconfigure.web.servlet.WebDriverTestExecutionListener@275fe372]
22:11:37.029 [main] DEBUG org.springframework.test.annotation.ProfileValueUtils - Retrieved @ProfileValueSourceConfiguration [null] for test class [com.jmk.user.repository.UserRepositoryTest]
22:11:37.029 [main] DEBUG org.springframework.test.annotation.ProfileValueUtils - Retrieved ProfileValueSource type [class org.springframework.test.annotation.SystemProfileValueSource] for class [com.jmk.user.repository.UserRepositoryTest]
22:11:37.030 [main] DEBUG org.springframework.test.context.junit4.SpringJUnit4ClassRunner - SpringJUnit4ClassRunner constructor called with [class com.jmk.user.service.UserMgmtServiceTest]
22:11:37.030 [main] DEBUG org.springframework.test.context.BootstrapUtils - Instantiating CacheAwareContextLoaderDelegate from class [org.springframework.test.context.cache.DefaultCacheAwareContextLoaderDelegate]
22:11:37.031 [main] DEBUG org.springframework.test.context.BootstrapUtils - Instantiating BootstrapContext using constructor [public org.springframework.test.context.support.DefaultBootstrapContext(java.lang.Class,org.springframework.test.context.CacheAwareContextLoaderDelegate)]
22:11:37.031 [main] DEBUG org.springframework.test.context.BootstrapUtils - Instantiating TestContextBootstrapper for test class [com.jmk.user.service.UserMgmtServiceTest] from class [org.springframework.boot.test.context.SpringBootTestContextBootstrapper]
22:11:37.032 [main] INFO org.springframework.boot.test.context.SpringBootTestContextBootstrapper - Neither @ContextConfiguration nor @ContextHierarchy found for test class [com.jmk.user.service.UserMgmtServiceTest], using SpringBootContextLoader
22:11:37.033 [main] DEBUG org.springframework.test.context.support.AbstractContextLoader - Did not detect default resource location for test class [com.jmk.user.service.UserMgmtServiceTest]: class path resource [com/jmk/user/service/UserMgmtServiceTest-context.xml] does not exist
22:11:37.034 [main] DEBUG org.springframework.test.context.support.AbstractContextLoader - Did not detect default resource location for test class [com.jmk.user.service.UserMgmtServiceTest]: class path resource [com/jmk/user/service/UserMgmtServiceTestContext.groovy] does not exist
22:11:37.036 [main] INFO org.springframework.test.context.support.AbstractContextLoader - Could not detect default resource locations for test class [com.jmk.user.service.UserMgmtServiceTest]: no resource found for suffixes {-context.xml, Context.groovy}.
22:11:37.036 [main] INFO org.springframework.test.context.support.AnnotationConfigContextLoaderUtils - Could not detect default configuration classes for test class [com.jmk.user.service.UserMgmtServiceTest]: UserMgmtServiceTest does not declare any static, non-private, non-final, nested classes annotated with @Configuration.
22:11:37.039 [main] DEBUG org.springframework.test.context.support.ActiveProfilesUtils - Could not find an 'annotation declaring class' for annotation type [org.springframework.test.context.ActiveProfiles] and class [com.jmk.user.service.UserMgmtServiceTest]
22:11:37.040 [main] INFO org.springframework.boot.test.context.SpringBootTestContextBootstrapper - Found @SpringBootConfiguration com.jmk.user.UserMgmtRestApplication for test class com.jmk.user.service.UserMgmtServiceTest
22:11:37.051 [main] DEBUG org.springframework.boot.test.context.SpringBootTestContextBootstrapper - @TestExecutionListeners is not present for class [com.jmk.user.service.UserMgmtServiceTest]: using defaults.
22:11:37.051 [main] INFO org.springframework.boot.test.context.SpringBootTestContextBootstrapper - Loaded default TestExecutionListener class names from location [META-INF/spring.factories]: [org.springframework.boot.test.mock.mockito.MockitoTestExecutionListener, org.springframework.boot.test.mock.mockito.ResetMocksTestExecutionListener, org.springframework.boot.test.autoconfigure.restdocs.RestDocsTestExecutionListener, org.springframework.boot.test.autoconfigure.web.client.MockRestServiceServerResetTestExecutionListener, org.springframework.boot.test.autoconfigure.web.servlet.MockMvcPrintOnlyOnFailureTestExecutionListener, org.springframework.boot.test.autoconfigure.web.servlet.WebDriverTestExecutionListener, org.springframework.test.context.web.ServletTestExecutionListener, org.springframework.test.context.support.DirtiesContextBeforeModesTestExecutionListener, org.springframework.test.context.support.DependencyInjectionTestExecutionListener, org.springframework.test.context.support.DirtiesContextTestExecutionListener, org.springframework.test.context.transaction.TransactionalTestExecutionListener, org.springframework.test.context.jdbc.SqlScriptsTestExecutionListener, org.springframework.test.context.event.EventPublishingTestExecutionListener]
22:11:37.053 [main] INFO org.springframework.boot.test.context.SpringBootTestContextBootstrapper - Using TestExecutionListeners: [org.springframework.test.context.web.ServletTestExecutionListener@26a4842b, org.springframework.test.context.support.DirtiesContextBeforeModesTestExecutionListener@7e38a7fe, org.springframework.boot.test.mock.mockito.MockitoTestExecutionListener@366ef90e, org.springframework.boot.test.autoconfigure.SpringBootDependencyInjectionTestExecutionListener@33e01298, org.springframework.test.context.support.DirtiesContextTestExecutionListener@31e75d13, org.springframework.test.context.transaction.TransactionalTestExecutionListener@a5b0b86, org.springframework.test.context.jdbc.SqlScriptsTestExecutionListener@4b3c354a, org.springframework.test.context.event.EventPublishingTestExecutionListener@78fb9a67, org.springframework.boot.test.mock.mockito.ResetMocksTestExecutionListener@73ff4fae, org.springframework.boot.test.autoconfigure.restdocs.RestDocsTestExecutionListener@21aa6d6c, org.springframework.boot.test.autoconfigure.web.client.MockRestServiceServerResetTestExecutionListener@b968a76, org.springframework.boot.test.autoconfigure.web.servlet.MockMvcPrintOnlyOnFailureTestExecutionListener@2f9a01c1, org.springframework.boot.test.autoconfigure.web.servlet.WebDriverTestExecutionListener@2611b9a3]
22:11:37.054 [main] DEBUG org.springframework.test.annotation.ProfileValueUtils - Retrieved @ProfileValueSourceConfiguration [null] for test class [com.jmk.user.service.UserMgmtServiceTest]
22:11:37.054 [main] DEBUG org.springframework.test.annotation.ProfileValueUtils - Retrieved ProfileValueSource type [class org.springframework.test.annotation.SystemProfileValueSource] for class [com.jmk.user.service.UserMgmtServiceTest]
22:11:37.220 [main] DEBUG org.springframework.test.annotation.ProfileValueUtils - Retrieved @ProfileValueSourceConfiguration [null] for test class [com.jmk.user.api.UserApiTest]
22:11:37.220 [main] DEBUG org.springframework.test.annotation.ProfileValueUtils - Retrieved ProfileValueSource type [class org.springframework.test.annotation.SystemProfileValueSource] for class [com.jmk.user.api.UserApiTest]
22:11:37.223 [main] DEBUG org.springframework.test.annotation.ProfileValueUtils - Retrieved @ProfileValueSourceConfiguration [null] for test class [com.jmk.user.api.UserApiTest]
22:11:37.224 [main] DEBUG org.springframework.test.annotation.ProfileValueUtils - Retrieved ProfileValueSource type [class org.springframework.test.annotation.SystemProfileValueSource] for class [com.jmk.user.api.UserApiTest]
]]></system-out>
  </testcase>
</testsuite>